mode: set
task-manager/cmd/task_manager/main.go:21.13,37.14 7 0
task-manager/cmd/task_manager/main.go:37.14,40.3 2 0
task-manager/cmd/task_manager/main.go:43.2,43.34 1 0
task-manager/cmd/task_manager/main.go:43.34,45.17 2 0
task-manager/cmd/task_manager/main.go:45.17,48.4 2 0
task-manager/cmd/task_manager/main.go:49.3,49.69 1 0
task-manager/cmd/task_manager/main.go:53.2,55.16 3 0
task-manager/cmd/task_manager/main.go:55.16,58.3 2 0
task-manager/cmd/task_manager/main.go:61.2,61.13 1 0
task-manager/cmd/task_manager/main.go:61.13,64.45 3 0
task-manager/cmd/task_manager/main.go:64.45,67.4 2 0
task-manager/cmd/task_manager/main.go:68.3,68.9 1 0
task-manager/cmd/task_manager/main.go:72.2,72.21 1 0
task-manager/cmd/task_manager/main.go:75.47,78.20 2 0
task-manager/cmd/task_manager/main.go:78.20,82.3 2 0
task-manager/cmd/task_manager/main.go:84.2,85.17 2 0
task-manager/cmd/task_manager/main.go:86.18,87.33 1 0
task-manager/cmd/task_manager/main.go:88.25,89.32 1 0
task-manager/cmd/task_manager/main.go:90.24,91.35 1 0
task-manager/cmd/task_manager/main.go:92.30,93.41 1 0
task-manager/cmd/task_manager/main.go:94.28,95.39 1 0
task-manager/cmd/task_manager/main.go:96.28,97.39 1 0
task-manager/cmd/task_manager/main.go:98.21,99.40 1 0
task-manager/cmd/task_manager/main.go:100.31,101.38 1 0
task-manager/cmd/task_manager/main.go:102.26,103.40 1 0
task-manager/cmd/task_manager/main.go:104.21,105.36 1 0
task-manager/cmd/task_manager/main.go:106.29,107.36 1 0
task-manager/cmd/task_manager/main.go:108.25,109.36 1 0
task-manager/cmd/task_manager/main.go:110.23,111.37 1 0
task-manager/cmd/task_manager/main.go:112.21,113.25 1 0
task-manager/cmd/task_manager/main.go:114.19,115.14 1 0
task-manager/cmd/task_manager/main.go:116.10,119.13 3 0
task-manager/cmd/task_manager/main.go:123.54,124.19 1 0
task-manager/cmd/task_manager/main.go:124.19,127.3 2 0
task-manager/cmd/task_manager/main.go:129.2,131.19 3 0
task-manager/cmd/task_manager/main.go:131.19,133.3 1 0
task-manager/cmd/task_manager/main.go:135.2,136.16 2 0
task-manager/cmd/task_manager/main.go:136.16,139.3 2 0
task-manager/cmd/task_manager/main.go:141.2,141.47 1 0
task-manager/cmd/task_manager/main.go:144.59,148.2 3 0
task-manager/cmd/task_manager/main.go:150.62,152.21 2 0
task-manager/cmd/task_manager/main.go:152.21,155.3 2 0
task-manager/cmd/task_manager/main.go:156.2,157.55 2 0
task-manager/cmd/task_manager/main.go:160.68,164.2 3 0
task-manager/cmd/task_manager/main.go:166.66,170.2 3 0
task-manager/cmd/task_manager/main.go:172.66,176.2 3 0
task-manager/cmd/task_manager/main.go:178.61,179.19 1 0
task-manager/cmd/task_manager/main.go:179.19,182.3 2 0
task-manager/cmd/task_manager/main.go:184.2,185.16 2 0
task-manager/cmd/task_manager/main.go:185.16,188.3 2 0
task-manager/cmd/task_manager/main.go:189.2,190.16 2 0
task-manager/cmd/task_manager/main.go:190.16,193.3 2 0
task-manager/cmd/task_manager/main.go:195.2,195.34 1 0
task-manager/cmd/task_manager/main.go:198.59,199.19 1 0
task-manager/cmd/task_manager/main.go:199.19,202.3 2 0
task-manager/cmd/task_manager/main.go:204.2,205.16 2 0
task-manager/cmd/task_manager/main.go:205.16,208.3 2 0
task-manager/cmd/task_manager/main.go:210.2,211.16 2 0
task-manager/cmd/task_manager/main.go:211.16,214.3 2 0
task-manager/cmd/task_manager/main.go:216.2,216.50 1 0
task-manager/cmd/task_manager/main.go:219.61,220.19 1 0
task-manager/cmd/task_manager/main.go:220.19,223.3 2 0
task-manager/cmd/task_manager/main.go:225.2,226.16 2 0
task-manager/cmd/task_manager/main.go:226.16,229.3 2 0
task-manager/cmd/task_manager/main.go:231.2,232.16 2 0
task-manager/cmd/task_manager/main.go:232.16,235.3 2 0
task-manager/cmd/task_manager/main.go:237.2,237.52 1 0
task-manager/cmd/task_manager/main.go:240.57,241.19 1 0
task-manager/cmd/task_manager/main.go:241.19,244.3 2 0
task-manager/cmd/task_manager/main.go:246.2,247.16 2 0
task-manager/cmd/task_manager/main.go:247.16,250.3 2 0
task-manager/cmd/task_manager/main.go:252.2,254.19 3 0
task-manager/cmd/task_manager/main.go:254.19,256.3 1 0
task-manager/cmd/task_manager/main.go:258.2,259.16 2 0
task-manager/cmd/task_manager/main.go:259.16,262.3 2 0
task-manager/cmd/task_manager/main.go:264.2,264.38 1 0
task-manager/cmd/task_manager/main.go:267.57,268.19 1 0
task-manager/cmd/task_manager/main.go:268.19,271.3 2 0
task-manager/cmd/task_manager/main.go:273.2,274.16 2 0
task-manager/cmd/task_manager/main.go:274.16,277.3 2 0
task-manager/cmd/task_manager/main.go:279.2,280.16 2 0
task-manager/cmd/task_manager/main.go:280.16,283.3 2 0
task-manager/cmd/task_manager/main.go:285.2,285.51 1 0
task-manager/cmd/task_manager/main.go:288.57,289.19 1 0
task-manager/cmd/task_manager/main.go:289.19,292.3 2 0
task-manager/cmd/task_manager/main.go:294.2,295.16 2 0
task-manager/cmd/task_manager/main.go:295.16,298.3 2 0
task-manager/cmd/task_manager/main.go:300.2,301.16 2 0
task-manager/cmd/task_manager/main.go:301.16,304.3 2 0
task-manager/cmd/task_manager/main.go:306.2,307.16 2 0
task-manager/cmd/task_manager/main.go:307.16,310.3 2 0
task-manager/cmd/task_manager/main.go:312.2,312.47 1 0
task-manager/cmd/task_manager/main.go:315.58,316.19 1 0
task-manager/cmd/task_manager/main.go:316.19,319.3 2 0
task-manager/cmd/task_manager/main.go:321.2,322.16 2 0
task-manager/cmd/task_manager/main.go:322.16,325.3 2 0
task-manager/cmd/task_manager/main.go:327.2,328.16 2 0
task-manager/cmd/task_manager/main.go:328.16,331.3 2 0
task-manager/cmd/task_manager/main.go:333.2,334.16 2 0
task-manager/cmd/task_manager/main.go:334.16,337.3 2 0
task-manager/cmd/task_manager/main.go:339.2,339.47 1 0
task-manager/cmd/task_manager/main.go:342.41,344.18 2 0
task-manager/cmd/task_manager/main.go:344.18,347.3 2 0
task-manager/cmd/task_manager/main.go:348.2,352.53 5 0
task-manager/cmd/task_manager/main.go:355.18,387.2 31 0
task-manager/internal/model/task.go:20.55,29.2 1 1
task-manager/internal/model/task.go:31.31,34.2 2 1
task-manager/internal/model/task.go:36.33,39.2 2 1
task-manager/internal/model/task.go:42.46,44.2 1 1
task-manager/internal/model/task.go:47.48,48.34 1 1
task-manager/internal/model/task.go:48.34,50.3 1 1
task-manager/internal/model/task.go:51.2,52.12 2 1
task-manager/internal/model/task.go:56.33,57.39 1 1
task-manager/internal/model/task.go:57.39,59.3 1 1
task-manager/internal/model/task.go:60.2,60.36 1 1
task-manager/internal/model/task.go:63.32,65.17 2 1
task-manager/internal/model/task.go:65.17,67.3 1 1
task-manager/internal/model/task.go:69.2,71.25 2 1
task-manager/internal/model/task.go:71.25,73.20 2 1
task-manager/internal/model/task.go:73.20,75.4 1 1
task-manager/internal/model/task.go:76.3,76.25 1 1
task-manager/internal/model/task.go:79.2,79.20 1 1
task-manager/internal/model/task.go:79.20,81.21 2 1
task-manager/internal/model/task.go:82.10,83.27 1 0
task-manager/internal/model/task.go:84.10,85.24 1 0
task-manager/internal/model/task.go:86.10,87.23 1 1
task-manager/internal/model/task.go:88.10,89.26 1 1
task-manager/internal/model/task.go:91.3,91.56 1 1
task-manager/internal/model/task.go:93.2,93.15 1 1
task-manager/internal/model/task.go:97.38,99.17 2 1
task-manager/internal/model/task.go:99.17,101.3 1 1
task-manager/internal/model/task.go:103.2,106.17 2 1
task-manager/internal/model/task.go:106.17,108.3 1 1
task-manager/internal/model/task.go:110.2,110.25 1 1
task-manager/internal/model/task.go:110.25,112.20 2 1
task-manager/internal/model/task.go:112.20,114.4 1 1
task-manager/internal/model/task.go:117.2,118.20 2 1
task-manager/internal/model/task.go:119.9,120.26 1 1
task-manager/internal/model/task.go:121.9,122.23 1 0
task-manager/internal/model/task.go:123.9,124.25 1 1
task-manager/internal/model/task.go:125.9,126.22 1 0
task-manager/internal/model/task.go:127.9,128.25 1 1
task-manager/internal/model/task.go:130.2,131.15 2 1
task-manager/pkg/utils/utils.go:12.54,14.19 1 1
task-manager/pkg/utils/utils.go:14.19,16.3 1 1
task-manager/pkg/utils/utils.go:19.2,20.16 2 1
task-manager/pkg/utils/utils.go:20.16,22.3 1 1
task-manager/pkg/utils/utils.go:23.2,23.15 1 1
task-manager/pkg/utils/utils.go:27.53,29.23 1 1
task-manager/pkg/utils/utils.go:29.23,31.3 1 1
task-manager/pkg/utils/utils.go:34.2,35.21 2 1
task-manager/pkg/utils/utils.go:36.17,37.16 1 1
task-manager/pkg/utils/utils.go:38.14,39.16 1 0
task-manager/pkg/utils/utils.go:40.16,41.16 1 1
task-manager/pkg/utils/utils.go:42.13,43.16 1 0
task-manager/pkg/utils/utils.go:44.16,45.16 1 1
task-manager/pkg/utils/utils.go:49.2,50.16 2 1
task-manager/pkg/utils/utils.go:50.16,52.3 1 1
task-manager/pkg/utils/utils.go:55.2,55.34 1 1
task-manager/pkg/utils/utils.go:55.34,57.3 1 1
task-manager/pkg/utils/utils.go:59.2,59.22 1 1
task-manager/pkg/utils/utils.go:63.67,64.21 1 1
task-manager/pkg/utils/utils.go:64.21,66.3 1 1
task-manager/pkg/utils/utils.go:68.2,69.29 2 1
task-manager/pkg/utils/utils.go:69.29,70.12 1 1
task-manager/pkg/utils/utils.go:70.12,72.19 2 1
task-manager/pkg/utils/utils.go:72.19,74.5 1 1
task-manager/pkg/utils/utils.go:76.3,76.18 1 1
task-manager/pkg/utils/utils.go:76.18,78.4 1 1
task-manager/pkg/utils/utils.go:78.9,80.4 1 1
task-manager/pkg/utils/utils.go:82.2,82.20 1 1
task-manager/internal/manager/task_manager.go:19.72,28.16 3 1
task-manager/internal/manager/task_manager.go:28.16,30.3 1 1
task-manager/internal/manager/task_manager.go:31.2,31.21 1 1
task-manager/internal/manager/task_manager.go:35.41,37.16 2 1
task-manager/internal/manager/task_manager.go:37.16,39.3 1 1
task-manager/internal/manager/task_manager.go:40.2,43.20 2 1
task-manager/internal/manager/task_manager.go:43.20,45.30 2 1
task-manager/internal/manager/task_manager.go:45.30,46.27 1 1
task-manager/internal/manager/task_manager.go:46.27,48.5 1 1
task-manager/internal/manager/task_manager.go:50.3,50.27 1 1
task-manager/internal/manager/task_manager.go:52.2,52.12 1 1
task-manager/internal/manager/task_manager.go:56.41,58.2 1 1
task-manager/internal/manager/task_manager.go:61.79,62.17 1 1
task-manager/internal/manager/task_manager.go:62.17,64.3 1 1
task-manager/internal/manager/task_manager.go:65.2,70.16 5 1
task-manager/internal/manager/task_manager.go:70.16,72.3 1 1
task-manager/internal/manager/task_manager.go:73.2,73.18 1 1
task-manager/internal/manager/task_manager.go:77.60,78.31 1 1
task-manager/internal/manager/task_manager.go:78.31,79.20 1 1
task-manager/internal/manager/task_manager.go:79.20,81.4 1 1
task-manager/internal/manager/task_manager.go:83.2,83.57 1 1
task-manager/internal/manager/task_manager.go:87.75,89.16 2 1
task-manager/internal/manager/task_manager.go:89.16,91.3 1 1
task-manager/internal/manager/task_manager.go:93.2,93.17 1 1
task-manager/internal/manager/task_manager.go:93.17,95.3 1 1
task-manager/internal/manager/task_manager.go:97.2,97.23 1 1
task-manager/internal/manager/task_manager.go:97.23,99.3 1 1
task-manager/internal/manager/task_manager.go:101.2,101.22 1 1
task-manager/internal/manager/task_manager.go:105.48,106.31 1 1
task-manager/internal/manager/task_manager.go:106.31,107.20 1 1
task-manager/internal/manager/task_manager.go:107.20,111.4 2 1
task-manager/internal/manager/task_manager.go:113.2,113.52 1 1
task-manager/internal/manager/task_manager.go:117.54,119.16 2 1
task-manager/internal/manager/task_manager.go:119.16,121.3 1 1
task-manager/internal/manager/task_manager.go:122.2,123.22 2 1
task-manager/internal/manager/task_manager.go:127.56,129.16 2 1
task-manager/internal/manager/task_manager.go:129.16,131.3 1 1
task-manager/internal/manager/task_manager.go:132.2,133.22 2 1
task-manager/internal/manager/task_manager.go:137.71,139.16 2 1
task-manager/internal/manager/task_manager.go:139.16,141.3 1 1
task-manager/internal/manager/task_manager.go:142.2,143.22 2 1
task-manager/internal/manager/task_manager.go:147.67,149.16 2 1
task-manager/internal/manager/task_manager.go:149.16,151.3 1 1
task-manager/internal/manager/task_manager.go:153.2,154.16 2 1
task-manager/internal/manager/task_manager.go:154.16,156.3 1 1
task-manager/internal/manager/task_manager.go:157.2,157.22 1 1
task-manager/internal/manager/task_manager.go:161.51,163.2 1 1
task-manager/internal/manager/task_manager.go:166.57,168.31 2 1
task-manager/internal/manager/task_manager.go:168.31,169.21 1 1
task-manager/internal/manager/task_manager.go:169.21,171.4 1 1
task-manager/internal/manager/task_manager.go:173.2,173.23 1 1
task-manager/internal/manager/task_manager.go:177.55,179.31 2 1
task-manager/internal/manager/task_manager.go:179.31,180.22 1 1
task-manager/internal/manager/task_manager.go:180.22,182.4 1 1
task-manager/internal/manager/task_manager.go:184.2,184.21 1 1
task-manager/internal/manager/task_manager.go:188.55,190.31 2 1
task-manager/internal/manager/task_manager.go:190.31,191.23 1 1
task-manager/internal/manager/task_manager.go:191.23,193.4 1 1
task-manager/internal/manager/task_manager.go:195.2,195.21 1 1
task-manager/internal/manager/task_manager.go:199.78,203.52 3 1
task-manager/internal/manager/task_manager.go:203.52,205.3 1 1
task-manager/internal/manager/task_manager.go:206.2,206.20 1 1
task-manager/internal/manager/task_manager.go:210.77,214.52 3 1
task-manager/internal/manager/task_manager.go:214.52,216.38 1 1
task-manager/internal/manager/task_manager.go:216.38,218.4 1 0
task-manager/internal/manager/task_manager.go:219.3,219.38 1 1
task-manager/internal/manager/task_manager.go:219.38,221.4 1 1
task-manager/internal/manager/task_manager.go:222.3,222.63 1 1
task-manager/internal/manager/task_manager.go:224.2,224.20 1 1
task-manager/internal/manager/task_manager.go:228.53,240.2 5 1
task-manager/internal/storage/storage.go:25.51,29.2 1 1
task-manager/internal/storage/storage.go:32.55,35.47 2 1
task-manager/internal/storage/storage.go:35.47,37.3 1 0
task-manager/internal/storage/storage.go:40.2,41.16 2 1
task-manager/internal/storage/storage.go:41.16,43.3 1 0
task-manager/internal/storage/storage.go:46.2,46.45 1 1
task-manager/internal/storage/storage.go:50.53,52.55 1 1
task-manager/internal/storage/storage.go:52.55,55.3 1 1
task-manager/internal/storage/storage.go:58.2,59.16 2 1
task-manager/internal/storage/storage.go:59.16,61.3 1 0
task-manager/internal/storage/storage.go:64.2,64.20 1 1
task-manager/internal/storage/storage.go:64.20,66.3 1 1
task-manager/internal/storage/storage.go:69.2,71.16 3 1
task-manager/internal/storage/storage.go:71.16,73.3 1 1
task-manager/internal/storage/storage.go:75.2,75.19 1 1
task-manager/internal/api/middleware/logger.go:9.31,10.30 1 1
task-manager/internal/api/middleware/logger.go:10.30,23.10 7 1
task-manager/internal/api/middleware/logger.go:24.22,26.46 1 1
task-manager/internal/api/middleware/logger.go:27.22,29.45 1 0
task-manager/internal/api/middleware/logger.go:30.11,32.45 1 1
task-manager/internal/api/middleware/logger.go:34.3,43.40 10 1
task-manager/internal/api/handlers/task_handler.go:19.70,23.2 1 1
task-manager/internal/api/handlers/task_handler.go:63.52,75.2 1 1
task-manager/internal/api/handlers/task_handler.go:78.50,86.25 4 1
task-manager/internal/api/handlers/task_handler.go:86.25,88.3 1 1
task-manager/internal/api/handlers/task_handler.go:88.8,88.33 1 1
task-manager/internal/api/handlers/task_handler.go:88.33,90.3 1 0
task-manager/internal/api/handlers/task_handler.go:90.8,90.30 1 1
task-manager/internal/api/handlers/task_handler.go:90.30,92.3 1 1
task-manager/internal/api/handlers/task_handler.go:92.8,94.3 1 1
task-manager/internal/api/handlers/task_handler.go:97.2,98.29 2 1
task-manager/internal/api/handlers/task_handler.go:98.29,100.3 1 1
task-manager/internal/api/handlers/task_handler.go:101.2,101.33 1 1
task-manager/internal/api/handlers/task_handler.go:105.48,108.16 2 1
task-manager/internal/api/handlers/task_handler.go:108.16,111.3 2 1
task-manager/internal/api/handlers/task_handler.go:113.2,114.16 2 1
task-manager/internal/api/handlers/task_handler.go:114.16,117.3 2 1
task-manager/internal/api/handlers/task_handler.go:118.2,118.45 1 1
task-manager/internal/api/handlers/task_handler.go:122.51,124.51 2 1
task-manager/internal/api/handlers/task_handler.go:124.51,127.3 2 1
task-manager/internal/api/handlers/task_handler.go:130.2,131.16 2 1
task-manager/internal/api/handlers/task_handler.go:131.16,134.3 2 1
task-manager/internal/api/handlers/task_handler.go:137.2,137.27 1 1
task-manager/internal/api/handlers/task_handler.go:137.27,139.17 2 0
task-manager/internal/api/handlers/task_handler.go:139.17,142.4 2 0
task-manager/internal/api/handlers/task_handler.go:143.3,143.49 1 0
task-manager/internal/api/handlers/task_handler.go:147.2,147.28 1 1
task-manager/internal/api/handlers/task_handler.go:147.28,149.17 2 0
task-manager/internal/api/handlers/task_handler.go:149.17,152.4 2 0
task-manager/internal/api/handlers/task_handler.go:153.3,153.51 1 0
task-manager/internal/api/handlers/task_handler.go:157.2,158.50 2 1
task-manager/internal/api/handlers/task_handler.go:162.51,165.16 2 1
task-manager/internal/api/handlers/task_handler.go:165.16,168.3 2 0
task-manager/internal/api/handlers/task_handler.go:169.2,170.51 2 1
task-manager/internal/api/handlers/task_handler.go:170.51,173.3 2 0
task-manager/internal/api/handlers/task_handler.go:176.2,177.16 2 1
task-manager/internal/api/handlers/task_handler.go:177.16,180.3 2 1
task-manager/internal/api/handlers/task_handler.go:183.2,184.45 2 1
task-manager/internal/api/handlers/task_handler.go:188.51,191.16 2 0
task-manager/internal/api/handlers/task_handler.go:191.16,194.3 2 0
task-manager/internal/api/handlers/task_handler.go:197.2,198.16 2 0
task-manager/internal/api/handlers/task_handler.go:198.16,201.3 2 0
task-manager/internal/api/handlers/task_handler.go:203.2,203.32 1 0
task-manager/internal/api/handlers/task_handler.go:207.53,210.16 2 1
task-manager/internal/api/handlers/task_handler.go:210.16,213.3 2 0
task-manager/internal/api/handlers/task_handler.go:216.2,217.16 2 1
task-manager/internal/api/handlers/task_handler.go:217.16,220.3 2 1
task-manager/internal/api/handlers/task_handler.go:223.2,224.45 2 1
task-manager/internal/api/handlers/task_handler.go:228.55,231.16 2 0
task-manager/internal/api/handlers/task_handler.go:231.16,234.3 2 0
task-manager/internal/api/handlers/task_handler.go:237.2,238.16 2 0
task-manager/internal/api/handlers/task_handler.go:238.16,241.3 2 0
task-manager/internal/api/handlers/task_handler.go:244.2,245.45 2 0
task-manager/internal/api/handlers/task_handler.go:249.51,252.16 2 1
task-manager/internal/api/handlers/task_handler.go:252.16,255.3 2 0
task-manager/internal/api/handlers/task_handler.go:257.2,258.51 2 1
task-manager/internal/api/handlers/task_handler.go:258.51,261.3 2 0
task-manager/internal/api/handlers/task_handler.go:264.2,265.16 2 1
task-manager/internal/api/handlers/task_handler.go:265.16,268.3 2 1
task-manager/internal/api/handlers/task_handler.go:271.2,272.16 2 1
task-manager/internal/api/handlers/task_handler.go:272.16,275.3 2 0
task-manager/internal/api/handlers/task_handler.go:278.2,279.45 2 1
task-manager/internal/api/handlers/task_handler.go:283.52,286.16 2 1
task-manager/internal/api/handlers/task_handler.go:286.16,289.3 2 0
task-manager/internal/api/handlers/task_handler.go:291.2,292.51 2 1
task-manager/internal/api/handlers/task_handler.go:292.51,295.3 2 0
task-manager/internal/api/handlers/task_handler.go:298.2,299.16 2 1
task-manager/internal/api/handlers/task_handler.go:299.16,302.3 2 1
task-manager/internal/api/handlers/task_handler.go:305.2,306.16 2 1
task-manager/internal/api/handlers/task_handler.go:306.16,309.3 2 1
task-manager/internal/api/handlers/task_handler.go:312.2,313.45 2 1
task-manager/internal/api/handlers/task_handler.go:317.49,320.2 2 1
task-manager/internal/api/server.go:17.58,30.2 4 1
task-manager/internal/api/server.go:33.35,39.2 3 1
task-manager/internal/api/server.go:39.2,42.3 2 1
task-manager/internal/api/server.go:42.3,52.4 9 1
task-manager/internal/api/server.go:55.3,55.42 1 1
task-manager/internal/api/server.go:60.41,62.2 1 1
