mode: set
task-manager/internal/model/task.go:20.55,29.2 1 1
task-manager/internal/model/task.go:31.31,34.2 2 1
task-manager/internal/model/task.go:36.33,39.2 2 1
task-manager/internal/model/task.go:42.46,44.2 1 1
task-manager/internal/model/task.go:47.48,48.34 1 1
task-manager/internal/model/task.go:48.34,50.3 1 1
task-manager/internal/model/task.go:51.2,52.12 2 1
task-manager/internal/model/task.go:56.33,58.2 1 1
task-manager/internal/model/task.go:60.32,62.17 2 1
task-manager/internal/model/task.go:62.17,64.3 1 1
task-manager/internal/model/task.go:66.2,68.25 2 1
task-manager/internal/model/task.go:68.25,70.21 2 1
task-manager/internal/model/task.go:70.21,72.4 1 1
task-manager/internal/model/task.go:73.3,73.25 1 1
task-manager/internal/model/task.go:76.2,76.20 1 1
task-manager/internal/model/task.go:76.20,78.21 2 1
task-manager/internal/model/task.go:79.10,80.27 1 0
task-manager/internal/model/task.go:81.10,82.24 1 0
task-manager/internal/model/task.go:83.10,84.23 1 1
task-manager/internal/model/task.go:85.10,86.26 1 1
task-manager/internal/model/task.go:88.3,88.56 1 1
task-manager/internal/model/task.go:90.2,90.15 1 1
task-manager/internal/model/task.go:94.38,96.17 2 1
task-manager/internal/model/task.go:96.17,98.3 1 1
task-manager/internal/model/task.go:100.2,103.17 2 1
task-manager/internal/model/task.go:103.17,105.3 1 1
task-manager/internal/model/task.go:107.2,107.25 1 1
task-manager/internal/model/task.go:107.25,109.21 2 1
task-manager/internal/model/task.go:109.21,111.4 1 1
task-manager/internal/model/task.go:114.2,115.20 2 1
task-manager/internal/model/task.go:116.9,117.26 1 1
task-manager/internal/model/task.go:118.9,119.23 1 0
task-manager/internal/model/task.go:120.9,121.25 1 1
task-manager/internal/model/task.go:122.9,123.22 1 0
task-manager/internal/model/task.go:124.9,125.25 1 1
task-manager/internal/model/task.go:127.2,128.15 2 1
task-manager/internal/manager/task_manager.go:19.72,28.16 3 1
task-manager/internal/manager/task_manager.go:28.16,30.3 1 1
task-manager/internal/manager/task_manager.go:31.2,31.21 1 1
task-manager/internal/manager/task_manager.go:35.41,37.16 2 1
task-manager/internal/manager/task_manager.go:37.16,39.3 1 1
task-manager/internal/manager/task_manager.go:40.2,43.20 2 1
task-manager/internal/manager/task_manager.go:43.20,45.30 2 1
task-manager/internal/manager/task_manager.go:45.30,46.27 1 1
task-manager/internal/manager/task_manager.go:46.27,48.5 1 1
task-manager/internal/manager/task_manager.go:50.3,50.27 1 1
task-manager/internal/manager/task_manager.go:52.2,52.12 1 1
task-manager/internal/manager/task_manager.go:56.41,58.2 1 1
task-manager/internal/manager/task_manager.go:61.79,62.17 1 1
task-manager/internal/manager/task_manager.go:62.17,64.3 1 1
task-manager/internal/manager/task_manager.go:65.2,70.16 5 1
task-manager/internal/manager/task_manager.go:70.16,72.3 1 1
task-manager/internal/manager/task_manager.go:73.2,73.18 1 1
task-manager/internal/manager/task_manager.go:77.60,78.31 1 1
task-manager/internal/manager/task_manager.go:78.31,79.20 1 1
task-manager/internal/manager/task_manager.go:79.20,81.4 1 1
task-manager/internal/manager/task_manager.go:83.2,83.57 1 1
task-manager/internal/manager/task_manager.go:87.75,89.16 2 1
task-manager/internal/manager/task_manager.go:89.16,91.3 1 1
task-manager/internal/manager/task_manager.go:93.2,93.17 1 1
task-manager/internal/manager/task_manager.go:93.17,95.3 1 1
task-manager/internal/manager/task_manager.go:97.2,97.23 1 1
task-manager/internal/manager/task_manager.go:97.23,99.3 1 1
task-manager/internal/manager/task_manager.go:101.2,101.22 1 1
task-manager/internal/manager/task_manager.go:105.48,106.31 1 1
task-manager/internal/manager/task_manager.go:106.31,107.20 1 1
task-manager/internal/manager/task_manager.go:107.20,111.4 2 1
task-manager/internal/manager/task_manager.go:113.2,113.52 1 1
task-manager/internal/manager/task_manager.go:117.54,119.16 2 1
task-manager/internal/manager/task_manager.go:119.16,121.3 1 1
task-manager/internal/manager/task_manager.go:122.2,123.22 2 1
task-manager/internal/manager/task_manager.go:127.56,129.16 2 1
task-manager/internal/manager/task_manager.go:129.16,131.3 1 1
task-manager/internal/manager/task_manager.go:132.2,133.22 2 1
task-manager/internal/manager/task_manager.go:137.71,139.16 2 1
task-manager/internal/manager/task_manager.go:139.16,141.3 1 1
task-manager/internal/manager/task_manager.go:142.2,143.22 2 1
task-manager/internal/manager/task_manager.go:147.67,149.16 2 1
task-manager/internal/manager/task_manager.go:149.16,151.3 1 1
task-manager/internal/manager/task_manager.go:153.2,154.16 2 1
task-manager/internal/manager/task_manager.go:154.16,156.3 1 1
task-manager/internal/manager/task_manager.go:157.2,157.22 1 1
task-manager/internal/manager/task_manager.go:161.51,163.2 1 1
task-manager/internal/manager/task_manager.go:166.57,168.31 2 1
task-manager/internal/manager/task_manager.go:168.31,169.21 1 1
task-manager/internal/manager/task_manager.go:169.21,171.4 1 1
task-manager/internal/manager/task_manager.go:173.2,173.23 1 1
task-manager/internal/manager/task_manager.go:177.55,179.31 2 1
task-manager/internal/manager/task_manager.go:179.31,180.22 1 1
task-manager/internal/manager/task_manager.go:180.22,182.4 1 1
task-manager/internal/manager/task_manager.go:184.2,184.21 1 1
task-manager/internal/manager/task_manager.go:188.55,190.31 2 1
task-manager/internal/manager/task_manager.go:190.31,191.23 1 1
task-manager/internal/manager/task_manager.go:191.23,193.4 1 1
task-manager/internal/manager/task_manager.go:195.2,195.21 1 1
task-manager/internal/manager/task_manager.go:199.78,203.52 3 1
task-manager/internal/manager/task_manager.go:203.52,205.3 1 1
task-manager/internal/manager/task_manager.go:206.2,206.20 1 1
task-manager/internal/manager/task_manager.go:210.77,214.52 3 1
task-manager/internal/manager/task_manager.go:214.52,216.38 1 1
task-manager/internal/manager/task_manager.go:216.38,218.4 1 0
task-manager/internal/manager/task_manager.go:219.3,219.38 1 1
task-manager/internal/manager/task_manager.go:219.38,221.4 1 1
task-manager/internal/manager/task_manager.go:222.3,222.63 1 1
task-manager/internal/manager/task_manager.go:224.2,224.20 1 1
task-manager/internal/manager/task_manager.go:228.53,240.2 5 1
task-manager/pkg/utils/utils.go:12.54,14.19 1 1
task-manager/pkg/utils/utils.go:14.19,16.3 1 1
task-manager/pkg/utils/utils.go:19.2,20.16 2 1
task-manager/pkg/utils/utils.go:20.16,22.3 1 1
task-manager/pkg/utils/utils.go:23.2,23.15 1 1
task-manager/pkg/utils/utils.go:27.53,29.23 1 1
task-manager/pkg/utils/utils.go:29.23,31.3 1 1
task-manager/pkg/utils/utils.go:34.2,35.21 2 1
task-manager/pkg/utils/utils.go:36.17,37.16 1 1
task-manager/pkg/utils/utils.go:38.14,39.16 1 0
task-manager/pkg/utils/utils.go:40.16,41.16 1 1
task-manager/pkg/utils/utils.go:42.13,43.16 1 0
task-manager/pkg/utils/utils.go:44.16,45.16 1 1
task-manager/pkg/utils/utils.go:49.2,50.16 2 1
task-manager/pkg/utils/utils.go:50.16,52.3 1 1
task-manager/pkg/utils/utils.go:55.2,55.34 1 1
task-manager/pkg/utils/utils.go:55.34,57.3 1 1
task-manager/pkg/utils/utils.go:59.2,59.22 1 1
task-manager/pkg/utils/utils.go:63.67,64.21 1 1
task-manager/pkg/utils/utils.go:64.21,66.3 1 1
task-manager/pkg/utils/utils.go:68.2,69.29 2 1
task-manager/pkg/utils/utils.go:69.29,70.12 1 1
task-manager/pkg/utils/utils.go:70.12,72.19 2 1
task-manager/pkg/utils/utils.go:72.19,74.5 1 1
task-manager/pkg/utils/utils.go:76.3,76.18 1 1
task-manager/pkg/utils/utils.go:76.18,78.4 1 1
task-manager/pkg/utils/utils.go:78.9,80.4 1 1
task-manager/pkg/utils/utils.go:82.2,82.20 1 1
